GET / HTTP/1.1
Host: localhost:8080
Connection: keep-alive
sec-ch-ua: "Google Chrome";v="123", "Not:A-Brand";v="8", "Chromium";v="123"
sec-ch-ua-mobile: ?0
sec-ch-ua-platform: "macOS"
Upgrade-Insecure-Requests: 1
User-Agent: Mozilla/5.0 (Macintosh; Intel Mac OS X 10_15_7) AppleWebKit/537.36 (KHTML, like Gecko) Chrome/123.0.0.0 Safari/537.36
Accept: text/html,application/xhtml+xml,application/xml;q=0.9,image/avif,image/webp,image/apng,*/*;q=0.8,application/signed-exchange;v=b3;q=0.7
Sec-Fetch-Site: none
Sec-Fetch-Mode: navigate
Sec-Fetch-User: ?1
Sec-Fetch-Dest: document
Accept-Encoding: gzip, deflate, br, zstd
Accept-Language: ko-KR,ko;q=0.9,en-US;q=0.8,en;q=0.7

HTTP/1.1 200 OK
Content-Length: 160


GET /index.html HTTP/1.1
Host: localhost:8080
Connection: keep-alive
sec-ch-ua: "Google Chrome";v="123", "Not:A-Brand";v="8", "Chromium";v="123"
sec-ch-ua-mobile: ?0
sec-ch-ua-platform: "macOS"
Upgrade-Insecure-Requests: 1
User-Agent: Mozilla/5.0 (Macintosh; Intel Mac OS X 10_15_7) AppleWebKit/537.36 (KHTML, like Gecko) Chrome/123.0.0.0 Safari/537.36
Accept: text/html,application/xhtml+xml,application/xml;q=0.9,image/avif,image/webp,image/apng,*/*;q=0.8,application/signed-exchange;v=b3;q=0.7
Sec-Fetch-Site: none
Sec-Fetch-Mode: navigate
Sec-Fetch-User: ?1
Sec-Fetch-Dest: document
Accept-Encoding: gzip, deflate, br, zstd
Accept-Language: ko-KR,ko;q=0.9,en-US;q=0.8,en;q=0.7

HTTP/1.1 200 OK
Content-Length: 1977

<!DOCTYPE html>
<html lang="en">
<head>
<meta charset="UTF-8">
<meta name="viewport" content="width=device-width, initial-scale=1.0">
<title>HTTP Method Test</title>
</head>
<body>
  <h1>HTTP Method Test</h1>
  
  <!-- GET Method -->
  <button onclick="sendGET()">Send GET Request</button>
  <div id="get-result"></div>
  
  <!-- POST Method -->
  <button onclick="sendPOST()">Send POST Request</button>
  <div id="post-result"></div>
  
  <!-- DELETE Method -->
  <button onclick="sendDELETE()">Send DELETE Request</button>
  <div id="delete-result"></div>
  
  <script>
    function sendGET() {
      fetch('https://jsonplaceholder.typicode.com/posts')
        .then(response => response.json())
        .then(data => {
          document.getElementById('get-result').innerText = JSON.stringify(data, null, 2);
        })
        .catch(error => console.error('Error:', error));
    }
    
    function sendPOST() {
      fetch('https://jsonplaceholder.typicode.com/posts', {
        method: 'POST',
        body: JSON.stringify({
          title: 'New Post',
          body: 'Lorem ipsum dolor sit amet, consectetur adipiscing elit.',
          userId: 1
        }),
        headers: {
          'Content-type': 'application/json; charset=UTF-8'
        }
      })
      .then(response => response.json())
      .then(data => {
        document.getElementById('post-result').innerText = JSON.stringify(data, null, 2);
      })
      .catch(error => console.error('Error:', error));
    }
    
    function sendDELETE() {
      fetch('https://jsonplaceholder.typicode.com/posts/1', {
        method: 'DELETE'
      })
      .then(response => {
        if (response.ok) {
          document.getElementById('delete-result').innerText = 'Post deleted successfully';
        } else {
          document.getElementById('delete-result').innerText = 'Failed to delete post';
        }
      })
      .catch(error => console.error('Error:', error));
    }
  </script>
</body>
</html>
GET /favicon.ico HTTP/1.1
Host: localhost:8080
Connection: keep-alive
sec-ch-ua: "Google Chrome";v="123", "Not:A-Brand";v="8", "Chromium";v="123"
sec-ch-ua-mobile: ?0
User-Agent: Mozilla/5.0 (Macintosh; Intel Mac OS X 10_15_7) AppleWebKit/537.36 (KHTML, like Gecko) Chrome/123.0.0.0 Safari/537.36
sec-ch-ua-platform: "macOS"
Accept: image/avif,image/webp,image/apng,image/svg+xml,image/*,*/*;q=0.8
Sec-Fetch-Site: same-origin
Sec-Fetch-Mode: no-cors
Sec-Fetch-Dest: image
Referer: http://localhost:8080/index.html
Accept-Encoding: gzip, deflate, br, zstd
Accept-Language: ko-KR,ko;q=0.9,en-US;q=0.8,en;q=0.7

GET /favicon.ico HTTP/1.1
Host: localhost:8080
Connection: keep-alive
sec-ch-ua: "Google Chrome";v="123", "Not:A-Brand";v="8", "Chromium";v="123"
sec-ch-ua-mobile: ?0
User-Agent: Mozilla/5.0 (Macintosh; Intel Mac OS X 10_15_7) AppleWebKit/537.36 (KHTML, like Gecko) Chrome/123.0.0.0 Safari/537.36
sec-ch-ua-platform: "macOS"
Accept: image/avif,image/webp,image/apng,image/svg+xml,image/*,*/*;q=0.8
Sec-Fetch-Site: same-origin
Sec-Fetch-Mode: no-cors
Sec-Fetch-Dest: image
Referer: http://localhost:8080/index.html
Accept-Encoding: gzip, deflate, br, zstd
Accept-Language: ko-KR,ko;q=0.9,en-US;q=0.8,en;q=0.7

GET /index.html HTTP/1.1
Host: localhost:8080
Connection: keep-alive
Cache-Control: max-age=0
sec-ch-ua: "Google Chrome";v="123", "Not:A-Brand";v="8", "Chromium";v="123"
sec-ch-ua-mobile: ?0
sec-ch-ua-platform: "macOS"
Upgrade-Insecure-Requests: 1
User-Agent: Mozilla/5.0 (Macintosh; Intel Mac OS X 10_15_7) AppleWebKit/537.36 (KHTML, like Gecko) Chrome/123.0.0.0 Safari/537.36
Accept: text/html,application/xhtml+xml,application/xml;q=0.9,image/avif,image/webp,image/apng,*/*;q=0.8,application/signed-exchange;v=b3;q=0.7
Sec-Fetch-Site: none
Sec-Fetch-Mode: navigate
Sec-Fetch-User: ?1
Sec-Fetch-Dest: document
Accept-Encoding: gzip, deflate, br, zstd
Accept-Language: ko-KR,ko;q=0.9,en-US;q=0.8,en;q=0.7

HTTP/1.1 200 OK
Content-Length: 1977

<!DOCTYPE html>
<html lang="en">
<head>
<meta charset="UTF-8">
<meta name="viewport" content="width=device-width, initial-scale=1.0">
<title>HTTP Method Test</title>
</head>
<body>
  <h1>HTTP Method Test</h1>
  
  <!-- GET Method -->
  <button onclick="sendGET()">Send GET Request</button>
  <div id="get-result"></div>
  
  <!-- POST Method -->
  <button onclick="sendPOST()">Send POST Request</button>
  <div id="post-result"></div>
  
  <!-- DELETE Method -->
  <button onclick="sendDELETE()">Send DELETE Request</button>
  <div id="delete-result"></div>
  
  <script>
    function sendGET() {
      fetch('https://jsonplaceholder.typicode.com/posts')
        .then(response => response.json())
        .then(data => {
          document.getElementById('get-result').innerText = JSON.stringify(data, null, 2);
        })
        .catch(error => console.error('Error:', error));
    }
    
    function sendPOST() {
      fetch('https://jsonplaceholder.typicode.com/posts', {
        method: 'POST',
        body: JSON.stringify({
          title: 'New Post',
          body: 'Lorem ipsum dolor sit amet, consectetur adipiscing elit.',
          userId: 1
        }),
        headers: {
          'Content-type': 'application/json; charset=UTF-8'
        }
      })
      .then(response => response.json())
      .then(data => {
        document.getElementById('post-result').innerText = JSON.stringify(data, null, 2);
      })
      .catch(error => console.error('Error:', error));
    }
    
    function sendDELETE() {
      fetch('https://jsonplaceholder.typicode.com/posts/1', {
        method: 'DELETE'
      })
      .then(response => {
        if (response.ok) {
          document.getElementById('delete-result').innerText = 'Post deleted successfully';
        } else {
          document.getElementById('delete-result').innerText = 'Failed to delete post';
        }
      })
      .catch(error => console.error('Error:', error));
    }
  </script>
</body>
</html>rror));
    }
  </script>
</body>
</html>
